Arguments: 
  /home/arryel/.nvm/versions/node/v19.6.0/bin/node /home/arryel/.cache/node/corepack/yarn/1.22.19/bin/yarn.js init

PATH: 
  /home/arryel/.nvm/versions/node/v19.6.0/bin:/usr/local/lib/nodejs/node-v16.17.0-linux-x64/bin:/usr/local/sbin:/usr/local/bin:/usr/sbin:/usr/bin:/sbin:/bin:/usr/games:/usr/local/games:/snap/bin

Yarn version: 
  1.22.19

Node version: 
  19.6.0

Platform: 
  linux x64

Trace: 
  Error: canceled
      at Interface.<anonymous> (/home/arryel/.cache/node/corepack/yarn/1.22.19/lib/cli.js:137150:13)
      at Interface.emit (node:events:512:28)
      at [_ttyWrite] [as _ttyWrite] (node:internal/readline/interface:1132:18)
      at ReadStream.onkeypress (node:internal/readline/interface:271:20)
      at ReadStream.emit (node:events:512:28)
      at emitKeys (node:internal/readline/utils:357:14)
      at emitKeys.next (<anonymous>)
      at ReadStream.onData (node:internal/readline/emitKeypressEvents:64:36)
      at ReadStream.emit (node:events:512:28)
      at addChunk (node:internal/streams/readable:324:12)

npm manifest: 
  {
    "name": "sample",
    "version": "1.0.0",
    "description": "",
    "main": "index.js",
    "scripts": {
      "dev": "ts-node-dev --inspect --transpile-only --ignore-watch node_modules src/server.ts",
      "build": "tsc",
      "start": "nodemon src/index.ts"
    },
    "author": "",
    "license": "ISC",
    "devDependencies": {
      "@types/express": "^4.17.17",
      "@types/node": "^18.16.3",
      "typescript": "^5.0.4"
    },
    "dependencies": {
      "dotenv": "^16.0.3",
      "express": "^4.18.2",
      "nodemon": "^2.0.22",
      "prettier": "^2.8.8",
      "ts-node-dev": "^2.0.0"
    }
  }

yarn manifest: 
  No manifest

Lockfile: 
  No lockfile
